<?xml version="1.0" encoding="UTF-8"?>
<!-- Generated by org.testng.reporters.JUnitXMLReporter -->
<testsuite ignored="0" hostname="Mac" failures="1" tests="2" name="Test" time="43.979" errors="0" timestamp="2025-09-08T23:17:57 GMT-05:00">
  <testcase classname="testCases.TC001_AccountResgistrationTest" name="verify_account_registration" time="7.073"/>
  <testcase classname="testCases.TC002_LoginTest" name="verify_account_login" time="13.441">
    <failure type="java.lang.AssertionError" message="expected [true] but found [false]">
      <![CDATA[java.lang.AssertionError: expected [true] but found [false]
at testCases.TC002_LoginTest.verify_account_login(TC002_LoginTest.java:38)
at java.base/java.util.ArrayList.forEach(ArrayList.java:1511)
... Removed 31 stack frames]]>
    </failure>
  </testcase> <!-- verify_account_login -->
</testsuite> <!-- Test -->
